\BOOKMARK [0][-]{chapter*.2}{}{}% 1
\BOOKMARK [1][-]{section*.3}{\376\377\000K\000a\000t\000a\000\040\000P\000e\000n\000g\000a\000n\000t\000a\000r}{chapter*.2}% 2
\BOOKMARK [1][-]{section*.4}{\376\377\000P\000e\000n\000u\000l\000i\000s}{chapter*.2}% 3
\BOOKMARK [1][-]{section*.5}{\376\377\000A\000s\000s\000i\000s\000t\000a\000n\000t}{chapter*.2}% 4
\BOOKMARK [0][-]{chapter.1}{\376\377\000P\000e\000n\000d\000a\000h\000u\000l\000u\000a\000n}{}% 5
\BOOKMARK [0][-]{chapter.2}{\376\377\000D\000a\000s\000a\000r\000-\000d\000a\000s\000a\000r\000\040\000R}{}% 6
\BOOKMARK [1][-]{section.2.1}{\376\377\000O\000p\000e\000r\000a\000t\000o\000r\000\040\000P\000e\000n\000u\000g\000a\000s\000a\000n}{chapter.2}% 7
\BOOKMARK [1][-]{section.2.2}{\376\377\000K\000a\000l\000k\000u\000l\000a\000t\000o\000r\000\040\000S\000e\000d\000e\000r\000h\000a\000n\000a\000\040\000D\000a\000l\000a\000m\000\040\000R}{chapter.2}% 8
\BOOKMARK [1][-]{section.2.3}{\376\377\000B\000a\000n\000t\000u\000a\000n}{chapter.2}% 9
\BOOKMARK [1][-]{section.2.4}{\376\377\000S\000t\000a\000t\000i\000s\000t\000i\000k\000\040\000D\000a\000s\000a\000r}{chapter.2}% 10
\BOOKMARK [1][-]{section.2.5}{\376\377\000N\000i\000l\000a\000i\000\040\000y\000a\000n\000g\000\040\000H\000i\000l\000a\000n\000g}{chapter.2}% 11
\BOOKMARK [1][-]{section.2.6}{\376\377\000P\000i\000p\000i\000n\000g}{chapter.2}% 12
\BOOKMARK [1][-]{section.2.7}{\376\377\000M\000e\000m\000b\000u\000a\000t\000\040\000V\000e\000k\000t\000o\000r}{chapter.2}% 13
\BOOKMARK [1][-]{section.2.8}{\376\377\000M\000a\000t\000r\000i\000k\000s}{chapter.2}% 14
\BOOKMARK [1][-]{section.2.9}{\376\377\000L\000i\000s\000t}{chapter.2}% 15
\BOOKMARK [1][-]{section.2.10}{\376\377\000F\000a\000c\000t\000o\000r}{chapter.2}% 16
\BOOKMARK [1][-]{section.2.11}{\376\377\000D\000a\000t\000a\000\040\000F\000r\000a\000m\000e}{chapter.2}% 17
\BOOKMARK [1][-]{section.2.12}{\376\377\000N\000a\000m\000e\000s}{chapter.2}% 18
\BOOKMARK [1][-]{section.2.13}{\376\377\000P\000e\000n\000g\000e\000c\000u\000l\000i\000a\000n\000\040\000\050\000E\000k\000s\000t\000r\000a\000k\000s\000i\000\051}{chapter.2}% 19
\BOOKMARK [1][-]{section.2.14}{\376\377\000P\000e\000t\000u\000n\000j\000u\000k\000\040\000P\000e\000n\000t\000i\000n\000g}{chapter.2}% 20
\BOOKMARK [0][-]{chapter.3}{\376\377\000P\000e\000m\000r\000o\000g\000r\000a\000m\000a\000n\000\040\000R}{}% 21
\BOOKMARK [0][-]{chapter.4}{\376\377\000I\000n\000t\000e\000r\000f\000a\000c\000e\000\040\000D\000a\000t\000a}{}% 22
\BOOKMARK [1][-]{section.4.1}{\376\377\000D\000i\000r\000e\000k\000t\000o\000r\000i\000\040\000K\000e\000r\000j\000a\000\040\000\050\000W\000o\000r\000k\000i\000n\000g\000\040\000D\000i\000r\000e\000c\000t\000o\000r\000y\000\051}{chapter.4}% 23
\BOOKMARK [1][-]{section.4.2}{\376\377\000M\000e\000m\000b\000a\000c\000a\000/\000M\000e\000n\000u\000l\000i\000s\000\040\000C\000S\000V}{chapter.4}% 24
\BOOKMARK [1][-]{section.4.3}{\376\377\000M\000e\000m\000b\000a\000c\000a\000/\000M\000e\000n\000u\000l\000i\000s\000\040\000E\000x\000c\000e\000l}{chapter.4}% 25
\BOOKMARK [1][-]{section.4.4}{\376\377\000M\000e\000m\000b\000a\000c\000a\000/\000M\000e\000n\000u\000l\000i\000s\000\040\000T\000X\000T\000\040\000d\000a\000n\000\040\000R\000D\000S}{chapter.4}% 26
\BOOKMARK [1][-]{section.4.5}{\376\377\000M\000e\000m\000b\000a\000c\000a\000/\000M\000e\000n\000u\000l\000i\000s\000\040\000X\000M\000L}{chapter.4}% 27
\BOOKMARK [1][-]{section.4.6}{\376\377\000M\000e\000m\000b\000a\000c\000a\000/\000M\000e\000n\000u\000l\000i\000s\000\040\000J\000S\000O\000N}{chapter.4}% 28
\BOOKMARK [1][-]{section.4.7}{\376\377\000M\000e\000m\000b\000a\000c\000a\000\040\000D\000a\000t\000a\000\040\000d\000a\000r\000i\000\040\000W\000e\000b}{chapter.4}% 29
\BOOKMARK [1][-]{section.4.8}{\376\377\000S\000i\000s\000t\000e\000m\000\040\000B\000a\000s\000i\000s\000\040\000D\000a\000t\000a\000\040\000d\000e\000n\000g\000a\000n\000\040\000R}{chapter.4}% 30
\BOOKMARK [0][-]{chapter.5}{\376\377\000M\000a\000n\000i\000p\000u\000l\000a\000s\000i\000\040\000D\000a\000t\000a\000\040\000d\000e\000n\000g\000a\000n\000\040\000R}{}% 31
\BOOKMARK [1][-]{section.5.1}{\376\377\000I\000m\000p\000o\000r\000\040\000D\000a\000t\000a}{chapter.5}% 32
\BOOKMARK [1][-]{section.5.2}{\376\377\000S\000t\000r\000u\000k\000t\000u\000r\000\040\000D\000a\000t\000a}{chapter.5}% 33
\BOOKMARK [1][-]{section.5.3}{\376\377\000M\000i\000s\000s\000i\000n\000g\000\040\000V\000a\000l\000u\000e}{chapter.5}% 34
\BOOKMARK [1][-]{section.5.4}{\376\377\000M\000e\000n\000g\000g\000a\000n\000t\000i\000\040\000N\000i\000l\000a\000i\000\040\000y\000a\000n\000g\000\040\000H\000i\000l\000a\000n\000g}{chapter.5}% 35
\BOOKMARK [1][-]{section.5.5}{\376\377\000M\000e\000m\000i\000l\000i\000h\000\040\000D\000a\000t\000a}{chapter.5}% 36
\BOOKMARK [1][-]{section.5.6}{\376\377\000M\000e\000n\000y\000a\000r\000i\000n\000g\000\040\000d\000a\000n\000\040\000M\000e\000n\000g\000u\000r\000u\000t\000k\000a\000n\000\040\000D\000a\000t\000a}{chapter.5}% 37
\BOOKMARK [1][-]{section.5.7}{\376\377\000M\000e\000n\000g\000g\000a\000n\000t\000i\000\040\000N\000a\000m\000a\000\040\000d\000a\000n\000\040\000M\000e\000n\000g\000u\000b\000a\000h\000\040\000\050\000M\000u\000t\000a\000t\000e\000\051}{chapter.5}% 38
\BOOKMARK [1][-]{section.5.8}{\376\377\000M\000e\000n\000g\000g\000a\000b\000u\000n\000g\000k\000a\000n\000\040\000D\000a\000t\000a}{chapter.5}% 39
\BOOKMARK [1][-]{section.5.9}{\376\377\000K\000e\000l\000o\000m\000p\000o\000k\000\040\000d\000a\000n\000\040\000R\000i\000n\000g\000k\000a\000s\000a\000n}{chapter.5}% 40
\BOOKMARK [1][-]{section.5.10}{\376\377\000M\000e\000m\000b\000a\000g\000i\000\040\000D\000a\000t\000a}{chapter.5}% 41
\BOOKMARK [0][-]{chapter.6}{\376\377\000E\000k\000s\000p\000l\000o\000r\000a\000s\000i\000\040\000D\000a\000t\000a\000\040\000A\000n\000a\000l\000i\000s\000i\000s}{}% 42
\BOOKMARK [1][-]{section.6.1}{\376\377\000K\000u\000a\000l\000i\000t\000a\000t\000i\000f}{chapter.6}% 43
\BOOKMARK [1][-]{section.6.2}{\376\377\000K\000u\000a\000n\000t\000i\000t\000a\000t\000i\000f}{chapter.6}% 44
\BOOKMARK [1][-]{section.6.3}{\376\377\000A\000D\000E\000\040\000d\000e\000n\000g\000a\000n\000\040\000c\000a\000r\000a\000\040\000L\000a\000z\000y\000-\000w\000a\000y}{chapter.6}% 45
\BOOKMARK [1][-]{section.6.4}{\376\377\000L\000a\000p\000o\000r\000a\000n\000\040\000A\000D\000E}{chapter.6}% 46
\BOOKMARK [0][-]{chapter.7}{\376\377\000V\000i\000s\000u\000a\000l\000i\000s\000a\000s\000i\000\040\000D\000a\000t\000a}{}% 47
\BOOKMARK [0][-]{chapter.8}{\376\377\000V\000u\000s\000u\000a\000l\000i\000s\000a\000s\000i\000\040\000D\000a\000t\000a\000\040\000L\000a\000n\000j\000u\000t}{}% 48
